TN:
SF:resources/js/layouts/resources/js/layouts/TopNavigation.vue
FN:81,(anonymous_0)
FNF:1
FNH:0
FNDA:0,(anonymous_0)
DA:81,0
DA:82,0
LF:2
LH:0
BRF:0
BRH:0
end_of_record
TN:
SF:resources/js/mixins/SetModalData.js
FNF:0
FNH:0
DA:4,0
DA:5,0
LF:2
LH:0
BRF:0
BRH:0
end_of_record
TN:
SF:resources/js/mixins/ToastMixin.js
FNF:0
FNH:0
DA:4,0
LF:1
LH:0
BRF:0
BRH:0
end_of_record
TN:
SF:resources/js/modals/listings/resources/js/modals/listings/CreateListingModal.vue
FN:181,(anonymous_0)
FN:188,(anonymous_1)
FNF:2
FNH:0
FNDA:0,(anonymous_0)
FNDA:0,(anonymous_1)
DA:160,0
DA:169,0
DA:170,0
DA:172,0
DA:173,0
DA:174,0
DA:175,0
DA:176,0
DA:177,0
DA:178,0
DA:179,0
DA:181,0
DA:182,0
DA:183,0
DA:184,0
DA:185,0
DA:186,0
DA:187,0
DA:189,0
DA:190,0
DA:194,0
LF:21
LH:0
BRDA:173,0,0,0
BRDA:173,0,1,0
BRDA:174,1,0,0
BRDA:174,1,1,0
BRDA:175,2,0,0
BRDA:175,2,1,0
BRDA:176,3,0,0
BRDA:176,3,1,0
BRDA:177,4,0,0
BRDA:177,4,1,0
BRDA:178,5,0,0
BRDA:178,5,1,0
BRDA:179,6,0,0
BRDA:179,6,1,0
BRF:14
BRH:0
end_of_record
TN:
SF:resources/js/modals/listings/resources/js/modals/listings/DeleteListingModal.vue
FN:51,(anonymous_0)
FNF:1
FNH:0
FNDA:0,(anonymous_0)
DA:44,0
DA:50,0
DA:51,0
DA:52,0
DA:53,0
DA:54,0
DA:55,0
DA:59,0
LF:8
LH:0
BRF:0
BRH:0
end_of_record
TN:
SF:resources/js/modals/listings/resources/js/modals/listings/EditListingModal.vue
FN:103,(anonymous_0)
FNF:1
FNH:0
FNDA:0,(anonymous_0)
DA:91,0
DA:99,0
DA:102,0
DA:103,0
DA:104,0
DA:105,0
DA:106,0
DA:110,0
LF:8
LH:0
BRF:0
BRH:0
end_of_record
TN:
SF:resources/js/modals/listings/resources/js/modals/listings/ViewListingModal.vue
FNF:0
FNH:0
DA:169,0
DA:175,0
LF:2
LH:0
BRF:0
BRH:0
end_of_record
TN:
SF:resources/js/modals/packages/resources/js/modals/packages/CreatePackageModal.vue
FN:110,(anonymous_0)
FN:116,(anonymous_1)
FNF:2
FNH:0
FNDA:0,(anonymous_0)
FNDA:0,(anonymous_1)
DA:97,0
DA:105,0
DA:106,0
DA:108,0
DA:110,0
DA:111,0
DA:112,0
DA:113,0
DA:114,0
DA:115,0
DA:117,0
DA:118,0
DA:122,0
LF:13
LH:0
BRF:0
BRH:0
end_of_record
TN:
SF:resources/js/modals/packages/resources/js/modals/packages/DeletePackageModal.vue
FN:51,(anonymous_0)
FNF:1
FNH:0
FNDA:0,(anonymous_0)
DA:44,0
DA:50,0
DA:51,0
DA:52,0
DA:53,0
DA:54,0
DA:55,0
DA:59,0
LF:8
LH:0
BRF:0
BRH:0
end_of_record
TN:
SF:resources/js/modals/packages/resources/js/modals/packages/EditPackageModal.vue
FN:108,(anonymous_0)
FN:114,(anonymous_1)
FNF:2
FNH:0
FNDA:0,(anonymous_0)
FNDA:0,(anonymous_1)
DA:97,0
DA:105,0
DA:106,0
DA:108,0
DA:109,0
DA:110,0
DA:111,0
DA:112,0
DA:113,0
DA:115,0
DA:116,0
DA:120,0
LF:12
LH:0
BRF:0
BRH:0
end_of_record
TN:
SF:resources/js/pages/resources/js/pages/DirectoryPage.vue
FN:98,(anonymous_0)
FN:99,(anonymous_1)
FN:112,(anonymous_2)
FN:114,(anonymous_3)
FNF:4
FNH:3
FNDA:1,(anonymous_0)
FNDA:1,(anonymous_1)
FNDA:0,(anonymous_2)
FNDA:2,(anonymous_3)
DA:87,2
DA:96,2
DA:98,2
DA:99,1
DA:100,1
DA:104,2
DA:108,2
DA:112,2
DA:113,0
DA:115,2
LF:10
LH:9
BRDA:96,0,0,2
BRDA:96,0,1,0
BRF:2
BRH:1
end_of_record
TN:
SF:resources/js/pages/resources/js/pages/ListingsPage.vue
FN:145,(anonymous_0)
FN:151,(anonymous_1)
FNF:2
FNH:0
FNDA:0,(anonymous_0)
FNDA:0,(anonymous_1)
DA:135,0
DA:143,0
DA:145,0
DA:146,0
DA:151,0
DA:152,0
DA:153,0
LF:7
LH:0
BRF:0
BRH:0
end_of_record
